2024-04-17 14:07:35:735 info: Server is running on http://localhost:3001
2024-04-17 14:07:46:746 info: GET /client/F25NetOiRDNUEUOY09ok 200 806.433 ms - 40
2024-04-17 14:11:24:1124 info: Server is running on http://localhost:3001
2024-04-17 14:11:32:1132 info: GET /client/F25NetOiRDNUEUOY09ok 304 621.258 ms - -
2024-04-17 14:11:50:1150 info: POST /guest-invitation 400 365.384 ms - 37
2024-04-17 14:13:03:133 info: Server is running on http://localhost:3001
2024-04-17 14:13:12:1312 info: GET /client/F25NetOiRDNUEUOY09ok 304 616.750 ms - -
2024-04-17 14:13:17:1317 info: POST /guest-invitation 400 354.418 ms - 37
2024-04-17 14:13:47:1347 info: Server is running on http://localhost:3001
2024-04-17 14:15:26:1526 info: here
2024-04-17 14:15:54:1554 info: here
2024-04-17 14:21:27:2127 info: here
2024-04-17 14:22:32:2232 info: here
2024-04-17 14:24:05:245 info: here
2024-04-17 14:26:07:267 info: POST /guest-invitation 200 1291.806 ms - 10
2024-04-17 14:31:13:3113 info: GET /client/F25NetOiRDNUEUOY09ok 200 711.674 ms - 70
2024-04-17 14:32:41:3241 info: POST /guest-invitation 200 1462.576 ms - 10
2024-04-17 14:33:05:335 info: POST /guest-invitation 400 452.506 ms - 37
2024-04-17 14:34:49:3449 info: POST /guest-invitation 400 482.386 ms - 37
2024-04-17 14:34:59:3459 info: POST /guest-invitation 200 1254.702 ms - 10
2024-04-17 14:35:46:3546 info: POST /guest-invitation 400 478.068 ms - 37
2024-04-17 14:45:38:4538 info: GET /client/F25NetOiRDNUEUOY09ok 200 414.976 ms - 70
2024-04-17 14:46:00:460 info: POST /guest-invitation 200 1263.453 ms - 10
2024-04-17 14:46:43:4643 info: POST /guest-invitation 200 955.869 ms - 10
2024-04-17 14:48:46:4846 info: GET /client/F25NetOiRDNUEUOY09ok 200 460.773 ms - 70
2024-04-17 14:58:58:5858 info: POST /guest-invitation 200 1501.607 ms - 10
2024-04-17 15:04:48:448 info: GET /client/F25NetOiRDNUEUOY09ok 200 481.554 ms - 70
2024-04-17 15:20:16:2016 info: GET /guest-list/F25NetOiRDNUEUOY09ok 404 5.998 ms - 170
2024-04-17 15:21:31:2131 info: GET /guest-list/F25NetOiRDNUEUOY09ok 200 577.030 ms - 2
2024-04-17 15:22:39:2239 info: GET /guest-list/F25NetOiRDNUEUOY09ok 200 554.044 ms - 2
2024-04-17 15:23:30:2330 info: GET /guest-list/F25NetOiRDNUEUOY09ok 200 314.552 ms - 2
2024-04-17 15:24:27:2427 info: GET /guest-list/F25NetOiRDNUEUOY09ok 200 568.977 ms - 2
2024-04-17 15:32:03:323 info: GET /guest-list/F25NetOiRDNUEUOY09ok 200 584.483 ms - 2
2024-04-17 15:32:35:3235 info: GET /guest-list/F25NetOiRDNUEUOY09ok 200 612.366 ms - 2
2024-04-17 15:33:07:337 info: GET /guest-list/F25NetOiRDNUEUOY09ok 200 492.814 ms - 2
2024-04-17 15:34:09:349 info: GET /guest-list/F25NetOiRDNUEUOY09ok 200 603.610 ms - 2
2024-04-17 15:37:12:3712 info: GET /guest-list/F25NetOiRDNUEUOY09ok 200 643.421 ms - 2
2024-04-17 15:38:16:3816 info: GET /guest-list/F25NetOiRDNUEUOY09ok 200 549.531 ms - 2
2024-04-17 15:40:33:4033 info: GET /guest-list/F25NetOiRDNUEUOY09ok 200 627.210 ms - 2
2024-04-17 15:41:41:4141 info: GET /guest-list/F25NetOiRDNUEUOY09ok 200 579.169 ms - 2
2024-04-17 16:03:58:358 info: GET /guest-list/F25NetOiRDNUEUOY09ok 200 677.251 ms - 2
2024-04-17 16:06:10:610 info: GET /guest-list/F25NetOiRDNUEUOY09ok 200 547.939 ms - 2
2024-04-17 16:07:03:73 info: GET /guest-list/F25NetOiRDNUEUOY09ok 200 596.269 ms - 2
2024-04-17 16:08:08:88 info: GET /guest-list/F25NetOiRDNUEUOY09ok 200 534.443 ms - 2
2024-04-17 16:09:25:925 info: GET /guest-list/F25NetOiRDNUEUOY09ok 200 614.551 ms - 2
2024-04-17 16:15:37:1537 info: GET /guest-list/F25NetOiRDNUEUOY09ok 200 632.020 ms - 2
2024-04-17 16:16:17:1617 info: GET /guest-list/F25NetOiRDNUEUOY09ok 200 786.832 ms - 2
2024-04-17 16:18:24:1824 info: GET /guest-list/F25NetOiRDNUEUOY09ok 200 601.407 ms - 2
2024-04-17 16:18:52:1852 info: GET /guest-list/F25NetOiRDNUEUOY09ok 200 621.716 ms - 2
2024-04-17 16:19:47:1947 info: GET /guest-list/F25NetOiRDNUEUOY09ok 200 553.931 ms - 2
2024-04-17 16:20:09:209 info: GET /guest-list/F25NetOiRDNUEUOY09ok 200 917.125 ms - 10
2024-04-17 16:21:01:211 info: GET /guest-list/F25NetOiRDNUEUOY09ok 200 1018.884 ms - 10
2024-04-17 16:23:10:2310 info: GET /guest-list/F25NetOiRDNUEUOY09ok 200 1256.043 ms - 10
2024-04-17 16:24:30:2430 info: GET /guest-list/F25NetOiRDNUEUOY09ok 200 1076.075 ms - 10
2024-04-17 16:26:35:2635 info: GET /guest-list/F25NetOiRDNUEUOY09ok 200 1070.396 ms - 10
